B = E6
W = E8
B = B5
W = B6
B = G3
W = C2
B = B2
W = F7
B = G6
W = E9
B = E4
W = F6
B = I3
W = F5
B = I8
W = J5
B = B8
W = A6
B = E2
W = C3
B = E7
W = D3
B = D6
W = I4
B = D4
W = B7
B = D2
W = I5
B = C4
W = F4
B = I6
W = I7
B = G4
W = E3
B = F3
W = B4
B = B3
W = C8
B = C1
W = C2
B = G8
W = I1
B = E5
W = A8
B = C7
W = F8
B = D3
W = F9
B = C3
W = I3
B = A4
W = G5
B = G2
W = D8
B = C9
W = C6
B = I9
W = I9
B = J7
W = B9
B = J2
W = A5
B = A7
W = I6
B = D5
W = G9
B = F2
W = C2
B = I2
