B = D3
W = B6
B = F5
W = E8
B = D7
W = C2
B = F8
W = I4
B = B7
W = G3
B = I5
W = D6
B = I3
W = C3
B = E6
W = E9
B = C6
W = B5
B = D5
W = I5
B = D8
W = J2
B = F9
W = G5
B = D9
W = G4
B = E7
W = E8
B = B4
W = I6
B = G6
W = J6
B = C1
W = F7
B = B2
W = A3
B = D2
W = F3
B = C4
W = I3
B = B3
W = C9
B = F2
W = I2
B = E3
W = C2
B = I1
W = C3
B = I7
W = C2
B = B8
W = C3
B = A5
W = C2
B = A6
W = A7
B = C5
W = B6
B = I8
W = G8
B = A2
W = C3
B = D4
W = C2
B = J4
W = G2
B = B9
W = B5
B = C8
W = B6
B = G9
W = B1
B = A8
W = pass
B = A4
W = F4
B = A1
W = G1
B = C3
W = I8
B = I9
W = I1
B = F1
W = C2
B = J3
W = E5
B = J1
W = C2
B = J5
W = C2
B = J7
