B = E5
W = F7
B = G3
W = C8
B = B2
W = J9
B = B6
W = D7
B = I5
W = A4
B = E2
W = E6
B = G8
W = G4
B = G5
W = C4
B = A7
W = I1
B = F4
W = I6
B = I4
W = D3
B = D5
W = B7
B = C9
W = B4
B = E8
W = B5
B = B3
W = G1
B = I7
W = B1
B = G6
W = pass
B = A3
W = F9
B = J6
W = C2
B = J1
W = E7
B = C6
W = D6
B = D8
W = B9
B = F6
W = D9
B = F8
W = A1
B = G7
W = C7
B = B8
W = D2
B = D4
W = I2
B = C5
W = C9
B = A5
W = pass
B = C3
W = B4
B = D1
W = E1
B = C1
W = B5
B = F1
W = J2
B = I3
W = E3
B = J3
