B = G5
W = B6
B = C5
W = E8
B = B7
W = C2
B = G7
W = G3
B = G4
W = I7
B = I3
W = C3
B = I8
W = B3
B = B4
W = E6
B = B2
W = D8
B = D2
W = A3
B = E7
W = D4
B = D6
W = F6
B = E9
W = F5
B = E5
W = I5
B = F7
W = E2
B = J5
W = D3
B = I6
W = J2
B = I4
W = D1
B = J7
W = I2
B = C6
W = C8
B = A6
W = A7
B = B5
W = J1
B = C9
W = B6
B = D7
W = B6
B = F8
W = I4
B = B8
W = B6
B = C7
W = B6
B = D9
W = E8
B = E4
W = D8
B = F3
W = B6
B = G2
W = B6
B = J4
