B = E5
W = A4
B = F2
W = F9
B = D7
W = G4
B = G5
W = J9
B = C3
W = I1
B = I4
W = B6
B = B5
W = B2
B = A2
W = E1
B = B7
W = C4
B = C2
W = C8
B = A6
W = B1
B = C6
W = A7
B = A8
W = D3
B = C1
W = E6
B = B3
W = A7
B = A1
W = A7
B = F4
W = F7
B = G3
W = pass
B = E7
W = E3
B = F6
W = I6
B = D4
W = B2
B = D2
W = J5
B = E4
W = pass
B = E2
W = C7
B = F3
W = E8
B = G7
W = D3
B = F8
W = pass
B = E3
W = pass
B = D6
W = F5
B = F1
W = A7
B = D1
W = A9
B = B4
W = E6
B = C5
W = E1
B = A5
W = C4
B = A3
W = I5
B = I7
W = B1
B = J6
W = C4
B = J4
