B = E3
W = B6
B = F6
W = E8
B = C5
W = C2
B = I2
W = B4
B = I7
W = G3
B = D7
W = C3
B = B3
W = F8
B = B5
W = I5
B = D3
W = A7
B = C1
W = G4
B = C4
W = C8
B = D2
W = A8
B = B2
W = I4
B = E9
W = C2
B = G5
W = C3
B = I3
W = C2
B = J5
W = C3
B = I6
W = C9
B = F4
W = C2
B = G2
W = B7
B = J4
W = C3
B = F3
W = C2
B = C7
W = D4
B = F9
W = G8
B = I8
W = I2
B = F7
W = E2
B = C6
W = C3
B = D8
W = C2
B = E7
W = A5
B = G7
W = E6
B = G9
W = E4
B = D5
W = I7
B = E5
W = B8
B = J7
