B = C4
W = B6
B = G4
W = G3
B = C7
W = D8
B = G2
W = E8
B = D9
W = D3
B = F8
W = E6
B = D7
W = C2
B = C3
W = I5
B = E5
W = B3
B = B2
W = G5
B = G6
W = D6
B = E7
W = F6
B = F5
W = E9
B = F9
W = G9
B = I9
W = J2
B = I3
W = D4
B = D5
W = C5
B = E4
W = C8
B = C6
W = F3
B = B5
W = B7
B = B8
W = E3
B = C9
W = E8
B = F7
W = D1
B = D2
W = B4
B = E2
W = F6
B = I4
W = D6
B = I6
W = C8
B = J5
W = D8
B = F2
W = I6
B = F4
W = C1
B = A7
W = C5
B = A4
W = C3
B = A3
W = A5
B = D3
